<?xml version="1.0" encoding="UTF-8"?>
<!-- Generated by org.testng.reporters.JUnitXMLReporter -->
<testsuite ignored="3" hostname="IN2-NOINB-SAGA" failures="0" tests="1" name="Default test" time="18.553" errors="0" timestamp="2023-03-03T08:30:28 IST">
  <testcase classname="Test.LoginTest" name="getchoosetenant" time="4.138"/>
  <testcase classname="Test.LoginTest" name="getcreatetenantadmin" time="0.0">
    <ignored/>
  </testcase> <!-- getcreatetenantadmin -->
  <testcase classname="Test.LoginTest" name="getchooseservice" time="0.0">
    <ignored/>
  </testcase> <!-- getchooseservice -->
  <testcase classname="Test.LoginTest" name="getEntertennatdetails" time="0.0">
    <ignored/>
  </testcase> <!-- getEntertennatdetails -->
</testsuite> <!-- Default test -->
