<?xml version="1.0" encoding="UTF-8"?>
<!-- Generated by org.testng.reporters.JUnitXMLReporter -->
<testsuite hostname="IN2-NOINB-SAGA" ignored="3" name="Default test" tests="1" failures="0" timestamp="2023-03-06T15:55:02 IST" time="21.856" errors="0">
  <testcase name="getchoosetenant" time="6.93" classname="Test.LoginTest"/>
  <testcase name="getEntertennatdetails" time="0.0" classname="Test.LoginTest">
    <ignored/>
  </testcase> <!-- getEntertennatdetails -->
  <testcase name="getcreatetenantadmin" time="0.0" classname="Test.LoginTest">
    <ignored/>
  </testcase> <!-- getcreatetenantadmin -->
  <testcase name="getchooseservice" time="0.0" classname="Test.LoginTest">
    <ignored/>
  </testcase> <!-- getchooseservice -->
</testsuite> <!-- Default test -->
