<?xml version="1.0" encoding="UTF-8"?>
<!-- Generated by org.testng.reporters.JUnitXMLReporter -->
<testsuite ignored="0" hostname="IN2-NOINB-SAGA" failures="0" tests="5" name="logintest" time="18.182" errors="0" timestamp="2023-01-19T10:47:29 IST">
  <testcase classname="Test.LoginTest" name="getlaunch" time="12.551"/>
  <testcase classname="Test.LoginTest" name="getchoosetenant" time="5.458"/>
  <testcase classname="Test.LoginTest" name="getEntertennatdetails" time="0.028"/>
  <testcase classname="Test.LoginTest" name="getcreatetenantadmin" time="0.027"/>
  <testcase classname="Test.LoginTest" name="getchooseservice" time="0.025"/>
</testsuite> <!-- logintest -->
