<?xml version="1.0" encoding="UTF-8"?>
<!-- Generated by org.testng.reporters.JUnitXMLReporter -->
<testsuite ignored="3" hostname="IN2-NOINB-SAGA" failures="0" tests="2" name="logintest" time="22.345" errors="0" timestamp="2023-01-17T09:26:26 IST">
  <testcase classname="Test.LoginTest" name="getlaunch" time="12.602"/>
  <testcase classname="Test.LoginTest" name="getchoosetenant" time="9.705"/>
  <testcase classname="Test.LoginTest" name="getcreatetenantadmin" time="0.0">
    <ignored/>
  </testcase> <!-- getcreatetenantadmin -->
  <testcase classname="Test.LoginTest" name="getchooseservice" time="0.0">
    <ignored/>
  </testcase> <!-- getchooseservice -->
  <testcase classname="Test.LoginTest" name="getEntertennatdetails" time="0.0">
    <ignored/>
  </testcase> <!-- getEntertennatdetails -->
</testsuite> <!-- logintest -->
