<?xml version="1.0" encoding="UTF-8"?>
<!-- Generated by org.testng.reporters.JUnitXMLReporter -->
<testsuite ignored="4" hostname="IN2-NOINB-SAGA" failures="0" tests="1" name="Regressionsuite" time="19.796" errors="0" timestamp="2022-12-09T14:17:19 IST">
  <testcase classname="Test.ProductonboardTest" name="getcustomer" time="0.085"/>
  <testcase classname="Test.LoginTest" name="getcreatetenantadmin" time="0.0">
    <ignored/>
  </testcase> <!-- getcreatetenantadmin -->
  <testcase classname="Test.LoginTest" name="getchooseservice" time="0.0">
    <ignored/>
  </testcase> <!-- getchooseservice -->
  <testcase classname="Test.LoginTest" name="getEntertennatdetails" time="0.0">
    <ignored/>
  </testcase> <!-- getEntertennatdetails -->
  <testcase classname="Test.LoginTest" name="getchoosetenant" time="0.0">
    <ignored/>
  </testcase> <!-- getchoosetenant -->
</testsuite> <!-- Regressionsuite -->
