<?xml version="1.0" encoding="UTF-8"?>
<!-- Generated by org.testng.reporters.JUnitXMLReporter -->
<testsuite ignored="0" hostname="IN2-NOINB-SAGA" failures="0" tests="5" name="Command line test" time="15.597" errors="0" timestamp="2022-09-19T14:10:33 IST">
  <testcase classname="Test.LoginTest" name="getVerifyLoginCredentials" time="0.002"/>
  <testcase classname="Test.LoginTest" name="getchoosetenant" time="0.002"/>
  <testcase classname="Test.LoginTest" name="getEntertennatdetails" time="0.001"/>
  <testcase classname="Test.LoginTest" name="getcreatetenantadmin" time="0.0"/>
  <testcase classname="Test.LoginTest" name="getchooseservice" time="0.001"/>
</testsuite> <!-- Command line test -->
