<?xml version="1.0" encoding="UTF-8" ?>
<testsuite tests="5" failures="0" name="Test.LoginTest" time="0.004" errors="0" skipped="0">
  <properties>
[...]
</properties>
  <testcase classname="Test.LoginTest" name="getVerifyLoginCredentials" time="0.004"/>
  <testcase classname="Test.LoginTest" name="getchoosetenant" time="0"/>
  <testcase classname="Test.LoginTest" name="getEntertennatdetails" time="0"/>
  <testcase classname="Test.LoginTest" name="getcreatetenantadmin" time="0"/>
  <testcase classname="Test.LoginTest" name="getchooseservice" time="0"/>
</testsuite>