<?xml version="1.0" encoding="UTF-8"?>
<testng-results ignored="0" total="5" passed="5" failed="0" skipped="0">
  <reporter-output>
  </reporter-output>
  <suite started-at="2022-09-19T14:10:17 IST" name="Test.LoginTest" finished-at="2022-09-19T14:10:33 IST" duration-ms="15597">
    <groups>
    </groups>
    <test started-at="2022-09-19T14:10:17 IST" name="Command line test" finished-at="2022-09-19T14:10:33 IST" duration-ms="15597">
      <class name="Test.LoginTest">
        <test-method is-config="true" signature="getlaunch()[pri:0, instance:Test.LoginTest@179ece50]" started-at="2022-09-19T14:10:17 IST" name="getlaunch" finished-at="2022-09-19T14:10:33 IST" duration-ms="15549" status="PASS">
          <reporter-output>
          </reporter-output>
        </test-method> <!-- getlaunch -->
        <test-method signature="getVerifyLoginCredentials()[pri:0, instance:Test.LoginTest@179ece50]" started-at="2022-09-19T14:10:33 IST" name="getVerifyLoginCredentials" finished-at="2022-09-19T14:10:33 IST" duration-ms="2" status="PASS">
          <reporter-output>
          </reporter-output>
        </test-method> <!-- getVerifyLoginCredentials -->
        <test-method signature="getchoosetenant()[pri:1, instance:Test.LoginTest@179ece50]" started-at="2022-09-19T14:10:33 IST" name="getchoosetenant" finished-at="2022-09-19T14:10:33 IST" duration-ms="2" status="PASS">
          <reporter-output>
          </reporter-output>
        </test-method> <!-- getchoosetenant -->
        <test-method signature="getEntertennatdetails()[pri:2, instance:Test.LoginTest@179ece50]" started-at="2022-09-19T14:10:33 IST" name="getEntertennatdetails" finished-at="2022-09-19T14:10:33 IST" duration-ms="1" status="PASS">
          <reporter-output>
          </reporter-output>
        </test-method> <!-- getEntertennatdetails -->
        <test-method signature="getchooseservice()[pri:4, instance:Test.LoginTest@179ece50]" started-at="2022-09-19T14:10:33 IST" name="getchooseservice" finished-at="2022-09-19T14:10:33 IST" duration-ms="1" status="PASS">
          <reporter-output>
          </reporter-output>
        </test-method> <!-- getchooseservice -->
        <test-method signature="getcreatetenantadmin()[pri:3, instance:Test.LoginTest@179ece50]" started-at="2022-09-19T14:10:33 IST" name="getcreatetenantadmin" finished-at="2022-09-19T14:10:33 IST" duration-ms="0" status="PASS">
          <reporter-output>
          </reporter-output>
        </test-method> <!-- getcreatetenantadmin -->
      </class> <!-- Test.LoginTest -->
    </test> <!-- Command line test -->
  </suite> <!-- Test.LoginTest -->
</testng-results>
