<?xml version="1.0" encoding="UTF-8"?>
<testng-results ignored="3" total="5" passed="2" failed="0" skipped="0">
  <reporter-output>
  </reporter-output>
  <suite started-at="2023-02-28T09:30:10 IST" name="Default suite" finished-at="2023-02-28T09:30:37 IST" duration-ms="26897">
    <groups>
    </groups>
    <test started-at="2023-02-28T09:30:10 IST" name="Default test" finished-at="2023-02-28T09:30:37 IST" duration-ms="26897">
      <class name="Test.LoginTest">
        <test-method signature="getlaunch()[pri:0, instance:Test.LoginTest@64712be]" started-at="2023-02-28T09:30:10 IST" name="getlaunch" finished-at="2023-02-28T09:30:27 IST" duration-ms="17317" status="PASS">
          <reporter-output>
          </reporter-output>
        </test-method> <!-- getlaunch -->
        <test-method signature="getchoosetenant()[pri:1, instance:Test.LoginTest@64712be]" started-at="2023-02-28T09:30:27 IST" name="getchoosetenant" finished-at="2023-02-28T09:30:37 IST" duration-ms="9553" status="PASS">
          <reporter-output>
          </reporter-output>
        </test-method> <!-- getchoosetenant -->
      </class> <!-- Test.LoginTest -->
    </test> <!-- Default test -->
  </suite> <!-- Default suite -->
</testng-results>
