<?xml version="1.0" encoding="UTF-8"?>
<testng-results ignored="3" total="7" passed="4" failed="0" skipped="0">
  <reporter-output>
  </reporter-output>
  <suite started-at="2023-01-17T09:26:03 IST" name="Suite" finished-at="2023-01-17T09:27:06 IST" duration-ms="62577">
    <groups>
    </groups>
    <test started-at="2023-01-17T09:26:03 IST" name="logintest" finished-at="2023-01-17T09:26:26 IST" duration-ms="22345">
      <class name="Test.LoginTest">
        <test-method signature="getlaunch()[pri:0, instance:Test.LoginTest@64712be]" started-at="2023-01-17T09:26:03 IST" name="getlaunch" finished-at="2023-01-17T09:26:16 IST" duration-ms="12602" status="PASS">
          <reporter-output>
          </reporter-output>
        </test-method> <!-- getlaunch -->
        <test-method signature="getchoosetenant()[pri:1, instance:Test.LoginTest@64712be]" started-at="2023-01-17T09:26:16 IST" name="getchoosetenant" finished-at="2023-01-17T09:26:26 IST" duration-ms="9705" status="PASS">
          <reporter-output>
          </reporter-output>
        </test-method> <!-- getchoosetenant -->
      </class> <!-- Test.LoginTest -->
    </test> <!-- logintest -->
    <test started-at="2023-01-17T09:26:26 IST" name="Productonboardtest" finished-at="2023-01-17T09:27:06 IST" duration-ms="40182">
      <class name="Test.ProductonboardTest">
        <test-method signature="getcustomer()[pri:0, instance:Test.ProductonboardTest@660e9100]" started-at="2023-01-17T09:26:26 IST" name="getcustomer" finished-at="2023-01-17T09:26:26 IST" duration-ms="68" status="PASS">
          <reporter-output>
          </reporter-output>
        </test-method> <!-- getcustomer -->
        <test-method signature="getproductonboard()[pri:1, instance:Test.ProductonboardTest@660e9100]" started-at="2023-01-17T09:26:26 IST" name="getproductonboard" finished-at="2023-01-17T09:27:06 IST" duration-ms="40111" status="PASS">
          <reporter-output>
          </reporter-output>
        </test-method> <!-- getproductonboard -->
      </class> <!-- Test.ProductonboardTest -->
    </test> <!-- Productonboardtest -->
  </suite> <!-- Suite -->
</testng-results>
